<?xml version="1.0" encoding="UTF-8"?>
<testsuite xmlns:xsi="http://www.w3.org/2001/XMLSchema-instance" xsi:noNamespaceSchemaLocation="https://maven.apache.org/surefire/maven-surefire-plugin/xsd/surefire-test-report-3.0.xsd" version="3.0" name="tests.ParaBankAPITests" time="4.642" tests="2" errors="0" skipped="0" failures="1">
  <properties>
[...]
</properties>
  <testcase name="verifySingleAccount" classname="tests.ParaBankAPITests" time="3.671">
    <failure message="1 expectation failed.&#10;XML path account.type doesn&apos;t match.&#10;Expected: SAVINGS&#10;  Actual: CHECKING&#10;" type="java.lang.AssertionError"><![CDATA[java.lang.AssertionError: 
1 expectation failed.
XML path account.type doesn't match.
Expected: SAVINGS
  Actual: CHECKING

	at tests.ParaBankAPITests.verifySingleAccount(ParaBankAPITests.java:79)
]]></failure>
    <system-out><![CDATA[Request method:	GET
Request URI:	http://parabank.parasoft.com/parabank/services/bank/accounts/13344
Proxy:			<none>
Request params:	<none>
Query params:	<none>
Form params:	<none>
Path params:	<none>
Headers:		Accept=*/*
Cookies:		<none>
Multiparts:		<none>
Body:			<none>
HTTP/1.1 200 OK
Date: Mon, 28 Feb 2022 17:54:13 GMT
Content-Type: application/xml
Transfer-Encoding: chunked
Connection: keep-alive
X-Frame-Options: SAMEORIGIN
X-XSS-Protection: 1; mode=block
CF-Cache-Status: DYNAMIC
Expect-CT: max-age=604800, report-uri="https://report-uri.cloudflare.com/cdn-cgi/beacon/expect-ct"
Strict-Transport-Security: max-age=0; includeSubDomains; preload
X-Content-Type-Options: nosniff
Server: cloudflare
CF-RAY: 6e4b844ccf951eeb-AMS
Content-Encoding: gzip

<account>
  <id>13344</id>
  <customerId>12212</customerId>
  <type>CHECKING</type>
  <balance>3892.93</balance>
</account>
]]></system-out>
  </testcase>
  <testcase name="verifySingleCustomer" classname="tests.ParaBankAPITests" time="0.97">
    <system-out><![CDATA[Request method:	GET
Request URI:	http://parabank.parasoft.com/parabank/services/bank/customers/12212
Proxy:			<none>
Request params:	<none>
Query params:	<none>
Form params:	<none>
Path params:	<none>
Headers:		Accept=*/*
Cookies:		<none>
Multiparts:		<none>
Body:			<none>
HTTP/1.1 200 OK
Date: Mon, 28 Feb 2022 17:54:14 GMT
Content-Type: application/xml
Transfer-Encoding: chunked
Connection: keep-alive
X-Frame-Options: SAMEORIGIN
X-XSS-Protection: 1; mode=block
CF-Cache-Status: DYNAMIC
Expect-CT: max-age=604800, report-uri="https://report-uri.cloudflare.com/cdn-cgi/beacon/expect-ct"
Strict-Transport-Security: max-age=0; includeSubDomains; preload
X-Content-Type-Options: nosniff
Server: cloudflare
CF-RAY: 6e4b8456bc6dfa94-AMS
Content-Encoding: gzip

<customer>
  <id>12212</id>
  <firstName>John</firstName>
  <lastName>Smith</lastName>
  <address>
    <street>1431 Main St</street>
    <city>Beverly Hills</city>
    <state>CA</state>
    <zipCode>90210</zipCode>
  </address>
  <phoneNumber>310-447-4121</phoneNumber>
  <ssn>622-11-9999</ssn>
</customer>
]]></system-out>
  </testcase>
</testsuite>