-------------------------------------------------------------------------------
Test set: tests.ParaBankAPITests
-------------------------------------------------------------------------------
Tests run: 2, Failures: 1, Errors: 0, Skipped: 0, Time elapsed: 4.642 s <<< FAILURE! - in tests.ParaBankAPITests
tests.ParaBankAPITests.verifySingleAccount  Time elapsed: 3.671 s  <<< FAILURE!
java.lang.AssertionError: 
1 expectation failed.
XML path account.type doesn't match.
Expected: SAVINGS
  Actual: CHECKING

	at tests.ParaBankAPITests.verifySingleAccount(ParaBankAPITests.java:79)

